#
# A fatal error has been detected by the Java Runtime Environment:
#
#  EXCEPTION_ACCESS_VIOLATION (0xc0000005) at pc=0x00000001800039fb, pid=8216, tid=0x0000000000002424
#
# JRE version: Java(TM) SE Runtime Environment (8.0_111-b14) (build 1.8.0_111-b14)
# Java VM: Java HotSpot(TM) 64-Bit Server VM (25.111-b14 mixed mode windows-amd64 compressed oops)
# Problematic frame:
# C  [rxtxSerial.dll+0x39fb]
#
# Failed to write core dump. Minidumps are not enabled by default on client versions of Windows
#
# If you would like to submit a bug report, please visit:
#   http://bugreport.java.com/bugreport/crash.jsp
# The crash happened outside the Java Virtual Machine in native code.
# See problematic frame for where to report the bug.
#

---------------  T H R E A D  ---------------

Current thread (0x0000000019dc8000):  JavaThread "Thread-3" [_thread_in_native, id=9252, stack(0x000000001b370000,0x000000001b470000)]

siginfo: ExceptionCode=0xc0000005, writing address 0x000000001b36f288

Registers:
RAX=0x00000000ffffffff, RBX=0x0000000000000000, RCX=0x51a176d761320000, RDX=0x0000000000000000
RSP=0x000000001b46f140, RBP=0x00000000ffffffff, RSI=0x0000000000000001, RDI=0x0000000000000004
R8 =0x000000001b46ec20, R9 =0x0000000180000000, R10=0x0000000000000000, R11=0x0000000000000200
R12=0x000000001b36f280, R13=0x0000000000000000, R14=0x0000000000000001, R15=0x0000000000000000
RIP=0x00000001800039fb, EFLAGS=0x0000000000010286

Top of Stack: (sp=0x000000001b46f140)
0x000000001b46f140:   0000000000000000 0000000000000000
0x000000001b46f150:   0000000000000000 0000000000000000
0x000000001b46f160:   0000000019dc8000 00000000ffffffff
0x000000001b46f170:   0000000000000001 0000000000000000
0x000000001b46f180:   0000000019dc81f8 0000000000000001
0x000000001b46f190:   000000001b46f290 000000018000535a
0x000000001b46f1a0:   00000000190d8f10 0000000000000001
0x000000001b46f1b0:   0000000000000001 00000000190d8f10
0x000000001b46f1c0:   0000000000000001 00000000ffffffff
0x000000001b46f1d0:   000000001b46f288 00000001800058fe
0x000000001b46f1e0:   0000000019dc81f8 000000004004667f
0x000000001b46f1f0:   000000001b46f200 fffffffffffff8b8
0x000000001b46f200:   0000000000000000 0000000000000000
0x000000001b46f210:   0000000000000000 0000717af9b2224c
0x000000001b46f220:   0000000000000000 000000001b46f428
0x000000001b46f230:   0000000000000000 0000000000000001 

Instructions: (pc=0x00000001800039fb)
0x00000001800039db:   3d 00 00 85 c0 78 33 74 06 03 d8 2b f0 eb 0a b9
0x00000001800039eb:   e8 03 00 00 e8 1c 27 00 00 41 3b de 7c b7 8b c3
0x00000001800039fb:   45 89 6c 24 08 48 8b 5c 24 60 48 83 c4 20 41 5f
0x0000000180003a0b:   41 5e 41 5d 41 5c 5f 5e 5d c3 e8 62 6d 00 00 83 


Register to memory mapping:

RAX=0x00000000ffffffff is an unallocated location in the heap
RBX=0x0000000000000000 is an unknown value
RCX=0x51a176d761320000 is an unknown value
RDX=0x0000000000000000 is an unknown value
RSP=0x000000001b46f140 is pointing into the stack for thread: 0x0000000019dc8000
RBP=0x00000000ffffffff is an unallocated location in the heap
RSI=0x0000000000000001 is an unknown value
RDI=0x0000000000000004 is an unknown value
R8 =0x000000001b46ec20 is pointing into the stack for thread: 0x0000000019dc8000
R9 =0x0000000180000000 is an unknown value
R10=0x0000000000000000 is an unknown value
R11=0x0000000000000200 is an unknown value
R12=0x000000001b36f280 is an unknown value
R13=0x0000000000000000 is an unknown value
R14=0x0000000000000001 is an unknown value
R15=0x0000000000000000 is an unknown value


Stack: [0x000000001b370000,0x000000001b470000],  sp=0x000000001b46f140,  free space=1020k
Native frames: (J=compiled Java code, j=interpreted, Vv=VM code, C=native code)
C  [rxtxSerial.dll+0x39fb]
C  [rxtxSerial.dll+0x535a]
C  0x0000000002a0cc9a

Java frames: (J=compiled Java code, j=interpreted, Vv=VM code)
J 584  gnu.io.RXTXPort.readArray([BII)I (0 bytes) @ 0x0000000002a0cc14 [0x0000000002a0cbc0+0x54]
J 576 C1 gnu.io.RXTXPort$SerialInputStream.read([BII)I (305 bytes) @ 0x0000000002a05744 [0x0000000002a04ec0+0x884]
J 575 C1 gnu.io.RXTXPort$SerialInputStream.read([B)I (149 bytes) @ 0x0000000002a03ee4 [0x0000000002a03a20+0x4c4]
j  model.SerialReader.run()V+11
j  java.lang.Thread.run()V+11
v  ~StubRoutines::call_stub

---------------  P R O C E S S  ---------------

Java Threads: ( => current thread )
=>0x0000000019dc8000 JavaThread "Thread-3" [_thread_in_native, id=9252, stack(0x000000001b370000,0x000000001b470000)]
  0x0000000019d85800 JavaThread "TimerQueue" daemon [_thread_blocked, id=8880, stack(0x000000001b0b0000,0x000000001b1b0000)]
  0x00000000026e0800 JavaThread "DestroyJavaVM" [_thread_blocked, id=13184, stack(0x0000000002590000,0x0000000002690000)]
  0x0000000019d43000 JavaThread "AWT-EventQueue-0" [_thread_blocked, id=8616, stack(0x000000001a4b0000,0x000000001a5b0000)]
  0x000000001912f000 JavaThread "AWT-Windows" daemon [_thread_in_native, id=9496, stack(0x00000000196e0000,0x00000000197e0000)]
  0x000000001912c800 JavaThread "AWT-Shutdown" [_thread_blocked, id=7588, stack(0x00000000195e0000,0x00000000196e0000)]
  0x000000001912a800 JavaThread "Java2D Disposer" daemon [_thread_blocked, id=11236, stack(0x0000000019490000,0x0000000019590000)]
  0x0000000018d60800 JavaThread "Service Thread" daemon [_thread_blocked, id=10676, stack(0x0000000019140000,0x0000000019240000)]
  0x00000000173c4000 JavaThread "C1 CompilerThread2" daemon [_thread_blocked, id=9008, stack(0x0000000018c40000,0x0000000018d40000)]
  0x00000000173bf000 JavaThread "C2 CompilerThread1" daemon [_thread_blocked, id=11288, stack(0x0000000018b40000,0x0000000018c40000)]
  0x00000000173bb800 JavaThread "C2 CompilerThread0" daemon [_thread_blocked, id=10768, stack(0x0000000018a40000,0x0000000018b40000)]
  0x00000000173ba000 JavaThread "Attach Listener" daemon [_thread_blocked, id=6704, stack(0x0000000018940000,0x0000000018a40000)]
  0x00000000173b8800 JavaThread "Signal Dispatcher" daemon [_thread_blocked, id=9256, stack(0x0000000018840000,0x0000000018940000)]
  0x00000000027da800 JavaThread "Finalizer" daemon [_thread_blocked, id=3156, stack(0x0000000018620000,0x0000000018720000)]
  0x00000000027cf800 JavaThread "Reference Handler" daemon [_thread_blocked, id=12924, stack(0x0000000018520000,0x0000000018620000)]

Other Threads:
  0x0000000017388000 VMThread [stack: 0x0000000018420000,0x0000000018520000] [id=4220]
  0x0000000018d8c000 WatcherThread [stack: 0x0000000019390000,0x0000000019490000] [id=7664]

VM state:not at safepoint (normal execution)

VM Mutex/Monitor currently owned by a thread: None

Heap:
 PSYoungGen      total 38400K, used 9323K [0x00000000d5980000, 0x00000000d8400000, 0x0000000100000000)
  eden space 33280K, 28% used [0x00000000d5980000,0x00000000d629af50,0x00000000d7a00000)
  from space 5120K, 0% used [0x00000000d7f00000,0x00000000d7f00000,0x00000000d8400000)
  to   space 5120K, 0% used [0x00000000d7a00000,0x00000000d7a00000,0x00000000d7f00000)
 ParOldGen       total 87552K, used 0K [0x0000000080c00000, 0x0000000086180000, 0x00000000d5980000)
  object space 87552K, 0% used [0x0000000080c00000,0x0000000080c00000,0x0000000086180000)
 Metaspace       used 10581K, capacity 10736K, committed 10880K, reserved 1058816K
  class space    used 1304K, capacity 1382K, committed 1408K, reserved 1048576K

Card table byte_map: [0x0000000011ba0000,0x0000000011fa0000] byte_map_base: 0x000000001179a000

Marking Bits: (ParMarkBitMap*) 0x0000000068b3a6c0
 Begin Bits: [0x0000000012650000, 0x0000000014620000)
 End Bits:   [0x0000000014620000, 0x00000000165f0000)

Polling page: 0x00000000026b0000

CodeCache: size=245760Kb used=2253Kb max_used=2260Kb free=243506Kb
 bounds [0x00000000027e0000, 0x0000000002a50000, 0x00000000117e0000]
 total_blobs=1060 nmethods=593 adapters=380
 compilation: enabled

Compilation events (10 events):
Event: 57.484 Thread 0x00000000173c4000  589       3       java.awt.event.MouseEvent::<init> (250 bytes)
Event: 57.489 Thread 0x00000000173bb800  593       4       java.util.ArrayList::rangeCheck (22 bytes)
Event: 57.491 Thread 0x00000000173c4000 nmethod 589 0x0000000002a0e6d0 code [0x0000000002a0eac0, 0x0000000002a111d8]
Event: 57.491 Thread 0x00000000173c4000  592       3       java.security.AccessControlContext::<init> (63 bytes)
Event: 57.491 Thread 0x00000000173bb800 nmethod 593 0x0000000002a15390 code [0x0000000002a154c0, 0x0000000002a15538]
Event: 57.492 Thread 0x00000000173c4000 nmethod 592 0x0000000002a14c90 code [0x0000000002a14e20, 0x0000000002a15228]
Event: 57.492 Thread 0x00000000173c4000  591       3       java.lang.Math::max (12 bytes)
Event: 57.493 Thread 0x00000000173c4000 nmethod 591 0x0000000002a14910 code [0x0000000002a14a60, 0x0000000002a14bf0]
Event: 57.493 Thread 0x00000000173c4000  590       3       java.awt.event.InputEvent::<init> (26 bytes)
Event: 57.493 Thread 0x00000000173c4000 nmethod 590 0x0000000002a14410 code [0x0000000002a14580, 0x0000000002a147d8]

GC Heap History (0 events):
No events

Deoptimization events (0 events):
No events

Internal exceptions (10 events):
Event: 0.136 Thread 0x00000000026e0800 Exception <a 'java/security/PrivilegedActionException'> (0x00000000d5a10108) thrown at [C:\re\workspace\8-2-build-windows-amd64-cygwin\jdk8u111\7883\hotspot\src\share\vm\prims\jvm.cpp, line 1386]
Event: 0.136 Thread 0x00000000026e0800 Exception <a 'java/security/PrivilegedActionException'> (0x00000000d5a10318) thrown at [C:\re\workspace\8-2-build-windows-amd64-cygwin\jdk8u111\7883\hotspot\src\share\vm\prims\jvm.cpp, line 1386]
Event: 0.137 Thread 0x00000000026e0800 Exception <a 'java/security/PrivilegedActionException'> (0x00000000d5a14200) thrown at [C:\re\workspace\8-2-build-windows-amd64-cygwin\jdk8u111\7883\hotspot\src\share\vm\prims\jvm.cpp, line 1386]
Event: 0.137 Thread 0x00000000026e0800 Exception <a 'java/security/PrivilegedActionException'> (0x00000000d5a14410) thrown at [C:\re\workspace\8-2-build-windows-amd64-cygwin\jdk8u111\7883\hotspot\src\share\vm\prims\jvm.cpp, line 1386]
Event: 0.145 Thread 0x00000000026e0800 Exception <a 'java/io/FileNotFoundException'> (0x00000000d5a19dc8) thrown at [C:\re\workspace\8-2-build-windows-amd64-cygwin\jdk8u111\7883\hotspot\src\share\vm\prims\jni.cpp, line 709]
Event: 0.200 Thread 0x00000000026e0800 Exception <a 'java/lang/NoSuchFieldError': method resolution failed> (0x00000000d5b8d828) thrown at [C:\re\workspace\8-2-build-windows-amd64-cygwin\jdk8u111\7883\hotspot\src\share\vm\prims\methodHandles.cpp, line 1146]
Event: 0.203 Thread 0x00000000026e0800 Exception <a 'java/lang/NoSuchFieldError': method resolution failed> (0x00000000d5b9ab78) thrown at [C:\re\workspace\8-2-build-windows-amd64-cygwin\jdk8u111\7883\hotspot\src\share\vm\prims\methodHandles.cpp, line 1146]
Event: 0.262 Thread 0x00000000026e0800 Exception <a 'java/io/FileNotFoundException'> (0x00000000d5c30888) thrown at [C:\re\workspace\8-2-build-windows-amd64-cygwin\jdk8u111\7883\hotspot\src\share\vm\prims\jni.cpp, line 709]
Event: 2.532 Thread 0x0000000019d43000 Exception <a 'java/io/FileNotFoundException'> (0x00000000d60ba9c8) thrown at [C:\re\workspace\8-2-build-windows-amd64-cygwin\jdk8u111\7883\hotspot\src\share\vm\prims\jni.cpp, line 709]
Event: 2.710 Thread 0x0000000019d43000 Exception <a 'java/io/FileNotFoundException'> (0x00000000d60d1898) thrown at [C:\re\workspace\8-2-build-windows-amd64-cygwin\jdk8u111\7883\hotspot\src\share\vm\prims\jni.cpp, line 709]

Events (10 events):
Event: 2.726 loading class gnu/io/RXTXPort$MonitorThread done
Event: 2.728 Thread 0x0000000019dc7000 Thread added: 0x0000000019dc7000
Event: 2.734 loading class model/SerialReader
Event: 2.734 loading class model/SerialReader done
Event: 2.736 Thread 0x0000000019dc8000 Thread added: 0x0000000019dc8000
Event: 4.121 Executing VM operation: EnableBiasedLocking
Event: 4.121 Executing VM operation: EnableBiasedLocking done
Event: 57.479 Thread 0x0000000019dc7000 Thread exited: 0x0000000019dc7000
Event: 57.482 loading class java/awt/LightweightDispatcher$2
Event: 57.482 loading class java/awt/LightweightDispatcher$2 done


Dynamic libraries:
0x00007ff74f7f0000 - 0x00007ff74f827000 	C:\Program Files\Java\jdk1.8.0_111\jre\bin\java.exe
0x00007ffe8cea0000 - 0x00007ffe8d072000 	C:\Windows\SYSTEM32\ntdll.dll
0x00007ffe8cc30000 - 0x00007ffe8ccdc000 	C:\Windows\System32\KERNEL32.DLL
0x00007ffe8a120000 - 0x00007ffe8a33d000 	C:\Windows\System32\KERNELBASE.dll
0x00007ffe8b3c0000 - 0x00007ffe8b462000 	C:\Windows\System32\ADVAPI32.dll
0x00007ffe8b320000 - 0x00007ffe8b3be000 	C:\Windows\System32\msvcrt.dll
0x00007ffe8a9d0000 - 0x00007ffe8aa29000 	C:\Windows\System32\sechost.dll
0x00007ffe8ca00000 - 0x00007ffe8cb21000 	C:\Windows\System32\RPCRT4.dll
0x00007ffe8b1b0000 - 0x00007ffe8b315000 	C:\Windows\System32\USER32.dll
0x00007ffe8a100000 - 0x00007ffe8a11e000 	C:\Windows\System32\win32u.dll
0x00007ffe8b010000 - 0x00007ffe8b044000 	C:\Windows\System32\GDI32.dll
0x00007ffe893a0000 - 0x00007ffe89520000 	C:\Windows\System32\gdi32full.dll
0x00007ffe7d050000 - 0x00007ffe7d2ca000 	C:\Windows\WinSxS\amd64_microsoft.windows.common-controls_6595b64144ccf1df_6.0.14393.953_none_42151e83c686086b\COMCTL32.dll
0x00007ffe8aa60000 - 0x00007ffe8ad28000 	C:\Windows\System32\combase.dll
0x00007ffe89f50000 - 0x00007ffe8a045000 	C:\Windows\System32\ucrtbase.dll
0x00007ffe89e80000 - 0x00007ffe89eea000 	C:\Windows\System32\bcryptPrimitives.dll
0x00007ffe8a9a0000 - 0x00007ffe8a9ce000 	C:\Windows\System32\IMM32.DLL
0x0000000068240000 - 0x0000000068312000 	C:\Program Files\Java\jdk1.8.0_111\jre\bin\msvcr100.dll
0x0000000068320000 - 0x0000000068bba000 	C:\Program Files\Java\jdk1.8.0_111\jre\bin\server\jvm.dll
0x00007ffe8aa50000 - 0x00007ffe8aa58000 	C:\Windows\System32\PSAPI.DLL
0x00007ffe875a0000 - 0x00007ffe875c3000 	C:\Windows\SYSTEM32\WINMM.dll
0x00007ffe803d0000 - 0x00007ffe803da000 	C:\Windows\SYSTEM32\VERSION.dll
0x00007ffe79a30000 - 0x00007ffe79a39000 	C:\Windows\SYSTEM32\WSOCK32.dll
0x00007ffe8ad40000 - 0x00007ffe8adaa000 	C:\Windows\System32\WS2_32.dll
0x00007ffe87570000 - 0x00007ffe8759b000 	C:\Windows\SYSTEM32\WINMMBASE.dll
0x00007ffe8a340000 - 0x00007ffe8a382000 	C:\Windows\System32\cfgmgr32.dll
0x00000000681f0000 - 0x00000000681ff000 	C:\Program Files\Java\jdk1.8.0_111\jre\bin\verify.dll
0x00000000681c0000 - 0x00000000681e9000 	C:\Program Files\Java\jdk1.8.0_111\jre\bin\java.dll
0x00000000681a0000 - 0x00000000681b6000 	C:\Program Files\Java\jdk1.8.0_111\jre\bin\zip.dll
0x00007ffe8b4f0000 - 0x00007ffe8c9f8000 	C:\Windows\System32\SHELL32.dll
0x00007ffe89520000 - 0x00007ffe89bfa000 	C:\Windows\System32\windows.storage.dll
0x00007ffe89350000 - 0x00007ffe8939c000 	C:\Windows\System32\powrprof.dll
0x00007ffe8ae10000 - 0x00007ffe8ae62000 	C:\Windows\System32\shlwapi.dll
0x00007ffe89330000 - 0x00007ffe8933f000 	C:\Windows\System32\kernel.appcore.dll
0x00007ffe8a050000 - 0x00007ffe8a0f9000 	C:\Windows\System32\shcore.dll
0x00007ffe89310000 - 0x00007ffe89324000 	C:\Windows\System32\profapi.dll
0x0000000067fc0000 - 0x0000000068158000 	C:\Program Files\Java\jdk1.8.0_111\jre\bin\awt.dll
0x00007ffe8b0f0000 - 0x00007ffe8b1af000 	C:\Windows\System32\OLEAUT32.dll
0x00007ffe8a390000 - 0x00007ffe8a42c000 	C:\Windows\System32\msvcp_win.dll
0x00007ffe875d0000 - 0x00007ffe8764a000 	C:\Windows\SYSTEM32\apphelp.dll
0x00007ffe873a0000 - 0x00007ffe873c6000 	C:\Windows\system32\DWMAPI.DLL
0x00007ffe87a90000 - 0x00007ffe87b25000 	C:\Windows\system32\uxtheme.dll
0x00007ffe8cd40000 - 0x00007ffe8ce9a000 	C:\Windows\System32\MSCTF.dll
0x00007ffe8a860000 - 0x00007ffe8a998000 	C:\Windows\System32\ole32.dll
0x0000000067f70000 - 0x0000000067fb7000 	C:\Program Files\Java\jdk1.8.0_111\jre\bin\fontmanager.dll
0x0000000068180000 - 0x000000006819a000 	C:\Program Files\Java\jdk1.8.0_111\jre\bin\net.dll
0x00007ffe88be0000 - 0x00007ffe88c3c000 	C:\Windows\system32\mswsock.dll
0x0000000068160000 - 0x0000000068171000 	C:\Program Files\Java\jdk1.8.0_111\jre\bin\nio.dll
0x0000000067f20000 - 0x0000000067f62000 	C:\Program Files\Java\jdk1.8.0_111\jre\bin\t2k.dll
0x00007ffe8b050000 - 0x00007ffe8b0ef000 	C:\Windows\System32\clbcatq.dll
0x00007ffe86630000 - 0x00007ffe867d8000 	C:\Windows\SYSTEM32\WindowsCodecs.dll
0x00007ffe79ee0000 - 0x00007ffe79f29000 	C:\Windows\system32\dataexchange.dll
0x00007ffe86da0000 - 0x00007ffe86ef1000 	C:\Windows\system32\dcomp.dll
0x00007ffe85870000 - 0x00007ffe85b26000 	C:\Windows\system32\d3d11.dll
0x00007ffe88290000 - 0x00007ffe8832f000 	C:\Windows\system32\dxgi.dll
0x00007ffe87df0000 - 0x00007ffe87f0c000 	C:\Windows\system32\twinapi.appcore.dll
0x00007ffe89250000 - 0x00007ffe8927b000 	C:\Windows\system32\bcrypt.dll
0x0000000180000000 - 0x0000000180025000 	C:\Program Files\Java\jdk1.8.0_111\jre\bin\rxtxSerial.dll
0x00007ffe79690000 - 0x00007ffe79822000 	C:\Windows\SYSTEM32\dbghelp.dll

VM Arguments:
jvm_args: -Dfile.encoding=UTF-8 -Djava.library.path=C:\Users\Camilo\Documents\Programing\Java\Librerias\rxtx-2.2pre2-bins\win32;%PATH% 
java_command: model.Main
java_class_path (initial): C:\Users\paaf-\Desktop\RXTXcomm.jar;C:\Users\paaf-\Desktop\CalcSerial\build\classes
Launcher Type: SUN_STANDARD

Environment Variables:
PATH=C:\ProgramData\Oracle\Java\javapath;C:\oraclexe\app\oracle\product\11.2.0\server\bin;C:\Windows\system32;C:\Windows;C:\Windows\System32\Wbem;C:\Windows\System32\WindowsPowerShell\v1.0\;C:\xampp\php;C:\ProgramData\ComposerSetup\bin;C:\Program Files\Git\cmd;C:\Program Files\PuTTY\;C:\Users\paaf-\AppData\Local\Microsoft\WindowsApps;;C:\Program Files (x86)\Microsoft VS Code\bin;C:\Users\paaf-\AppData\Roaming\Composer\vendor\bin
USERNAME=paaf-
OS=Windows_NT
PROCESSOR_IDENTIFIER=Intel64 Family 6 Model 42 Stepping 7, GenuineIntel



---------------  S Y S T E M  ---------------

OS: Windows 10.0 , 64 bit Build 14393 (10.0.14393.1198)

CPU:total 4 (2 cores per cpu, 2 threads per core) family 6 model 42 stepping 7, cmov, cx8, fxsr, mmx, sse, sse2, sse3, ssse3, sse4.1, sse4.2, popcnt, avx, clmul, ht, tsc, tscinvbit

Memory: 4k page, physical 8335212k(3007916k free), swap 17987276k(8696700k free)

vm_info: Java HotSpot(TM) 64-Bit Server VM (25.111-b14) for windows-amd64 JRE (1.8.0_111-b14), built on Sep 22 2016 19:24:05 by "java_re" with MS VC++ 10.0 (VS2010)

time: Sun Dec 10 19:45:42 2017
elapsed time: 57 seconds (0d 0h 0m 57s)

